<testsuite name="Day1-new-test-suite" time="0.563" failures="0" errors="0" skipped="0" tests="1">
  <properties>
    <property key="java.runtime.name" value="Java(TM) SE Runtime Environment"/>
    <property key="sun.boot.library.path" value="C:\Program Files\Java\jdk1.8.0_161\jre\bin"/>
    <property key="java.vm.version" value="25.161-b12"/>
    <property key="maven.multiModuleProjectDirectory" value="C:\Users\priyanka1.saxena\AnypointStudio\workspace\Anypoint\day1-advanedclass-exe1"/>
    <property key="java.vm.vendor" value="Oracle Corporation"/>
    <property key="java.vendor.url" value="http://java.oracle.com/"/>
    <property key="guice.disable.misplaced.annotation.check" value="true"/>
    <property key="path.separator" value=";"/>
    <property key="java.vm.name" value="Java HotSpot(TM) 64-Bit Server VM"/>
    <property key="file.encoding.pkg" value="sun.io"/>
    <property key="user.country" value="US"/>
    <property key="user.script" value=""/>
    <property key="sun.java.launcher" value="SUN_STANDARD"/>
    <property key="sun.os.patch.level" value="Service Pack 1"/>
    <property key="java.vm.specification.name" value="Java Virtual Machine Specification"/>
    <property key="user.dir" value="C:\Users\priyanka1.saxena\AnypointStudio\workspace\Anypoint\day1-advanedclass-exe1"/>
    <property key="java.runtime.version" value="1.8.0_161-b12"/>
    <property key="java.awt.graphicsenv" value="sun.awt.Win32GraphicsEnvironment"/>
    <property key="java.endorsed.dirs" value="C:\Program Files\Java\jdk1.8.0_161\jre\lib\endorsed"/>
    <property key="os.arch" value="amd64"/>
    <property key="java.io.tmpdir" value="C:\Users\PRIYAN~1.SAX\AppData\Local\Temp\"/>
    <property key="line.separator" value="&#xd;&#xa;"/>
    <property key="java.vm.specification.vendor" value="Oracle Corporation"/>
    <property key="user.variant" value=""/>
    <property key="os.name" value="Windows 7"/>
    <property key="classworlds.conf" value="D:\soft\apache-maven-3.3.9\bin\m2.conf"/>
    <property key="sun.jnu.encoding" value="Cp1252"/>
    <property key="java.library.path" value="C:\Program Files\Java\jdk1.8.0_161\bin;C:\windows\Sun\Java\bin;C:\windows\system32;C:\windows;C:\ProgramData\Oracle\Java\javapath;D:\soft\apache-maven-3.3.9\bin;C:\windows\system32;C:\windows;C:\windows\System32\Wbem;C:\windows\System32\WindowsPowerShell\v1.0\;C:\Program Files\TortoiseSVN\bin;C:\Program Files\VisualSVN Server\bin;C:\Program Files\MySQL\MySQL Utilities 1.6\;C:\Program Files\Java\jdk1.8.0_161\bin;."/>
    <property key="java.specification.name" value="Java Platform API Specification"/>
    <property key="java.class.version" value="52.0"/>
    <property key="sun.management.compiler" value="HotSpot 64-Bit Tiered Compilers"/>
    <property key="os.version" value="6.1"/>
    <property key="user.home" value="C:\Users\priyanka1.saxena"/>
    <property key="user.timezone" value="Asia/Calcutta"/>
    <property key="java.awt.printerjob" value="sun.awt.windows.WPrinterJob"/>
    <property key="file.encoding" value="Cp1252"/>
    <property key="java.specification.version" value="1.8"/>
    <property key="java.class.path" value="D:\soft\apache-maven-3.3.9\boot\plexus-classworlds-2.5.2.jar"/>
    <property key="user.name" value="priyanka1.saxena"/>
    <property key="java.vm.specification.version" value="1.8"/>
    <property key="sun.java.command" value="org.codehaus.plexus.classworlds.launcher.Launcher package"/>
    <property key="java.home" value="C:\Program Files\Java\jdk1.8.0_161\jre"/>
    <property key="sun.arch.data.model" value="64"/>
    <property key="user.language" value="en"/>
    <property key="java.specification.vendor" value="Oracle Corporation"/>
    <property key="awt.toolkit" value="sun.awt.windows.WToolkit"/>
    <property key="java.vm.info" value="mixed mode"/>
    <property key="java.version" value="1.8.0_161"/>
    <property key="java.ext.dirs" value="C:\Program Files\Java\jdk1.8.0_161\jre\lib\ext;C:\windows\Sun\Java\lib\ext"/>
    <property key="sun.boot.class.path" value="C:\Program Files\Java\jdk1.8.0_161\jre\lib\resources.jar;C:\Program Files\Java\jdk1.8.0_161\jre\lib\rt.jar;C:\Program Files\Java\jdk1.8.0_161\jre\lib\sunrsasign.jar;C:\Program Files\Java\jdk1.8.0_161\jre\lib\jsse.jar;C:\Program Files\Java\jdk1.8.0_161\jre\lib\jce.jar;C:\Program Files\Java\jdk1.8.0_161\jre\lib\charsets.jar;C:\Program Files\Java\jdk1.8.0_161\jre\lib\jfr.jar;C:\Program Files\Java\jdk1.8.0_161\jre\classes"/>
    <property key="java.vendor" value="Oracle Corporation"/>
    <property key="sun.stderr.encoding" value="cp437"/>
    <property key="maven.home" value="D:\soft\apache-maven-3.3.9"/>
    <property key="file.separator" value="\"/>
    <property key="java.vendor.url.bug" value="http://bugreport.sun.com/bugreport/"/>
    <property key="sun.io.unicode.encoding" value="UnicodeLittle"/>
    <property key="sun.cpu.endian" value="little"/>
    <property key="sun.stdout.encoding" value="cp437"/>
    <property key="sun.desktop" value="windows"/>
    <property key="sun.cpu.isalist" value="amd64"/>
    <property key="mule.testingMode" value="true"/>
    <property key="mule.working.dir" value="C:\Users\priyanka1.saxena\AnypointStudio\workspace\Anypoint\day1-advanedclass-exe1\target\.mule"/>
  </properties>
  <testcase time="0.149" name="Day1-new-test-suite-day1-advanedclass-exe1FlowTest" classname="Day1-new-test-suite"/>
</testsuite>